2016-09-13T02:25:57+09:00 - error: uncaughtException: html.replace(...).rightrim is not a function 
{ date: 'Tue Sep 13 2016 02:25:57 GMT+0900 (대한민국 표준시)',
  process: 
   { pid: 10200,
     uid: null,
     gid: null,
     cwd: 'D:\\server-study\\Nodejs2\\newsing',
     execPath: 'C:\\Program Files\\nodejs\\node.exe',
     version: 'v4.4.7',
     argv: 
      [ 'C:\\Program Files\\nodejs\\node.exe',
        'D:\\server-study\\Nodejs2\\newsing\\bin\\www',
        'start' ],
     memoryUsage: { rss: 119222272, heapTotal: 83773520, heapUsed: 57046696 } },
  os: { loadavg: [ 0, 0, 0 ], uptime: 13947.0518677 },
  trace: 
   [ { column: 54,
       file: 'D:\\server-study\\Nodejs2\\newsing\\lib\\feed-read\\index.js',
       function: 'scrub_html',
       line: 289,
       method: null,
       native: false },
     { column: 40,
       file: 'D:\\server-study\\Nodejs2\\newsing\\lib\\feed-read\\index.js',
       function: '',
       line: 187,
       method: null,
       native: false },
     { column: 21,
       file: 'D:\\server-study\\Nodejs2\\newsing\\lib\\feed-read\\node_modules\\underscore\\underscore.js',
       function: null,
       line: 73,
       method: null,
       native: false },
     { column: 9,
       file: 'D:\\server-study\\Nodejs2\\newsing\\lib\\feed-read\\node_modules\\underscore\\underscore.js',
       function: 'Function._.each._.forEach',
       line: 153,
       method: '_.each._.forEach',
       native: false },
     { column: 7,
       file: 'D:\\server-study\\Nodejs2\\newsing\\lib\\feed-read\\index.js',
       function: 'FeedParser.parser.onend',
       line: 183,
       method: 'parser.onend',
       native: false },
     { column: 41,
       file: 'D:\\server-study\\Nodejs2\\newsing\\lib\\feed-read\\index.js',
       function: 'Object.FeedParser.parser.onend',
       line: 238,
       method: 'FeedParser.parser.onend',
       native: false },
     { column: 33,
       file: 'D:\\server-study\\Nodejs2\\newsing\\lib\\feed-read\\node_modules\\sax\\lib\\sax.js',
       function: 'emit',
       line: 322,
       method: null,
       native: false },
     { column: 3,
       file: 'D:\\server-study\\Nodejs2\\newsing\\lib\\feed-read\\node_modules\\sax\\lib\\sax.js',
       function: 'end',
       line: 358,
       method: null,
       native: false },
     { column: 30,
       file: 'D:\\server-study\\Nodejs2\\newsing\\lib\\feed-read\\node_modules\\sax\\lib\\sax.js',
       function: 'Object.write',
       line: 588,
       method: 'write',
       native: false },
     { column: 38,
       file: 'D:\\server-study\\Nodejs2\\newsing\\lib\\feed-read\\node_modules\\sax\\lib\\sax.js',
       function: 'Object.SAXParser.close',
       line: 136,
       method: 'SAXParser.close',
       native: false } ],
  stack: 
   [ 'TypeError: html.replace(...).rightrim is not a function',
     '    at scrub_html (D:\\server-study\\Nodejs2\\newsing\\lib\\feed-read\\index.js:289:54)',
     '    at Array.<anonymous> (D:\\server-study\\Nodejs2\\newsing\\lib\\feed-read\\index.js:187:40)',
     '    at D:\\server-study\\Nodejs2\\newsing\\lib\\feed-read\\node_modules\\underscore\\underscore.js:73:21',
     '    at Function._.each._.forEach (D:\\server-study\\Nodejs2\\newsing\\lib\\feed-read\\node_modules\\underscore\\underscore.js:153:9)',
     '    at FeedParser.parser.onend (D:\\server-study\\Nodejs2\\newsing\\lib\\feed-read\\index.js:183:7)',
     '    at Object.FeedParser.parser.onend (D:\\server-study\\Nodejs2\\newsing\\lib\\feed-read\\index.js:238:41)',
     '    at emit (D:\\server-study\\Nodejs2\\newsing\\lib\\feed-read\\node_modules\\sax\\lib\\sax.js:322:33)',
     '    at end (D:\\server-study\\Nodejs2\\newsing\\lib\\feed-read\\node_modules\\sax\\lib\\sax.js:358:3)',
     '    at Object.write (D:\\server-study\\Nodejs2\\newsing\\lib\\feed-read\\node_modules\\sax\\lib\\sax.js:588:30)',
     '    at Object.SAXParser.close (D:\\server-study\\Nodejs2\\newsing\\lib\\feed-read\\node_modules\\sax\\lib\\sax.js:136:38)' ] }
