2016-09-12T19:15:29+09:00 - error: uncaughtException: Cannot read property 'header' of undefined 
{ date: 'Mon Sep 12 2016 19:15:29 GMT+0900 (대한민국 표준시)',
  process: 
   { pid: 5756,
     uid: null,
     gid: null,
     cwd: 'd:\\Dev\\WebstormProjects\\Nodejs\\newsing',
     execPath: 'C:\\Didimdol\\nodejs\\node.exe',
     version: 'v4.4.7',
     argv: 
      [ 'C:\\Didimdol\\nodejs\\node.exe',
        'D:\\Dev\\WebstormProjects\\Nodejs\\newsing\\bin\\www' ],
     memoryUsage: { rss: 98402304, heapTotal: 63134800, heapUsed: 44768496 } },
  os: { loadavg: [ 0, 0, 0 ], uptime: 35002.7905118 },
  trace: 
   [ { column: 8,
       file: 'D:\\Dev\\WebstormProjects\\Nodejs\\newsing\\node_modules\\feed-read\\index.js',
       function: 'Request._callback',
       line: 63,
       method: '_callback',
       native: false },
     { column: 22,
       file: 'D:\\Dev\\WebstormProjects\\Nodejs\\newsing\\node_modules\\feed-read\\node_modules\\request\\request.js',
       function: 'self.callback',
       line: 187,
       method: 'callback',
       native: false },
     { column: 13,
       file: 'events.js',
       function: 'emitOne',
       line: 77,
       method: null,
       native: false },
     { column: 7,
       file: 'events.js',
       function: 'Request.emit',
       line: 169,
       method: 'emit',
       native: false },
     { column: 8,
       file: 'D:\\Dev\\WebstormProjects\\Nodejs\\newsing\\node_modules\\feed-read\\node_modules\\request\\request.js',
       function: 'Request.onRequestError',
       line: 813,
       method: 'onRequestError',
       native: false },
     { column: 13,
       file: 'events.js',
       function: 'emitOne',
       line: 77,
       method: null,
       native: false },
     { column: 7,
       file: 'events.js',
       function: 'ClientRequest.emit',
       line: 169,
       method: 'emit',
       native: false },
     { column: 9,
       file: '_http_client.js',
       function: 'Socket.socketOnEnd',
       line: 303,
       method: 'socketOnEnd',
       native: false },
     { column: 20,
       file: 'events.js',
       function: 'emitNone',
       line: 72,
       method: null,
       native: false },
     { column: 7,
       file: 'events.js',
       function: 'Socket.emit',
       line: 166,
       method: 'emit',
       native: false } ],
  stack: 
   [ 'TypeError: Cannot read property \'header\' of undefined',
     '    at Request._callback (D:\\Dev\\WebstormProjects\\Nodejs\\newsing\\node_modules\\feed-read\\index.js:63:8)',
     '    at self.callback (D:\\Dev\\WebstormProjects\\Nodejs\\newsing\\node_modules\\feed-read\\node_modules\\request\\request.js:187:22)',
     '    at emitOne (events.js:77:13)',
     '    at Request.emit (events.js:169:7)',
     '    at Request.onRequestError (D:\\Dev\\WebstormProjects\\Nodejs\\newsing\\node_modules\\feed-read\\node_modules\\request\\request.js:813:8)',
     '    at emitOne (events.js:77:13)',
     '    at ClientRequest.emit (events.js:169:7)',
     '    at Socket.socketOnEnd (_http_client.js:303:9)',
     '    at emitNone (events.js:72:20)',
     '    at Socket.emit (events.js:166:7)' ] }
