2016-09-13T00:23:39+09:00 - error: uncaughtException: Cannot read property 'length' of undefined 
{ date: 'Tue Sep 13 2016 00:23:39 GMT+0900 (대한민국 표준시)',
  process: 
   { pid: 4636,
     uid: null,
     gid: null,
     cwd: 'D:\\server-study\\Nodejs2\\newsing',
     execPath: 'C:\\Program Files\\nodejs\\node.exe',
     version: 'v4.4.7',
     argv: 
      [ 'C:\\Program Files\\nodejs\\node.exe',
        'D:\\server-study\\Nodejs2\\newsing\\bin\\www',
        'start' ],
     memoryUsage: { rss: 121294848, heapTotal: 82741584, heapUsed: 56976216 } },
  os: { loadavg: [ 0, 0, 0 ], uptime: 6608.6617373 },
  trace: 
   [ { column: 12,
       file: 'D:\\server-study\\Nodejs2\\newsing\\node_modules\\html-entities\\lib\\xml-entities.js',
       function: 'XmlEntities.decode',
       line: 61,
       method: 'decode',
       native: false },
     { column: 31,
       file: 'D:\\server-study\\Nodejs2\\newsing\\node_modules\\feed-read\\index.js',
       function: '',
       line: 200,
       method: null,
       native: false },
     { column: 21,
       file: 'D:\\server-study\\Nodejs2\\newsing\\node_modules\\feed-read\\node_modules\\underscore\\underscore.js',
       function: null,
       line: 73,
       method: null,
       native: false },
     { column: 9,
       file: 'D:\\server-study\\Nodejs2\\newsing\\node_modules\\feed-read\\node_modules\\underscore\\underscore.js',
       function: 'Function._.each._.forEach',
       line: 153,
       method: '_.each._.forEach',
       native: false },
     { column: 7,
       file: 'D:\\server-study\\Nodejs2\\newsing\\node_modules\\feed-read\\index.js',
       function: 'FeedParser.parser.onend',
       line: 177,
       method: 'parser.onend',
       native: false },
     { column: 41,
       file: 'D:\\server-study\\Nodejs2\\newsing\\node_modules\\feed-read\\index.js',
       function: 'Object.FeedParser.parser.onend',
       line: 236,
       method: 'FeedParser.parser.onend',
       native: false },
     { column: 33,
       file: 'D:\\server-study\\Nodejs2\\newsing\\node_modules\\feed-read\\node_modules\\sax\\lib\\sax.js',
       function: 'emit',
       line: 322,
       method: null,
       native: false },
     { column: 3,
       file: 'D:\\server-study\\Nodejs2\\newsing\\node_modules\\feed-read\\node_modules\\sax\\lib\\sax.js',
       function: 'end',
       line: 358,
       method: null,
       native: false },
     { column: 30,
       file: 'D:\\server-study\\Nodejs2\\newsing\\node_modules\\feed-read\\node_modules\\sax\\lib\\sax.js',
       function: 'Object.write',
       line: 588,
       method: 'write',
       native: false },
     { column: 38,
       file: 'D:\\server-study\\Nodejs2\\newsing\\node_modules\\feed-read\\node_modules\\sax\\lib\\sax.js',
       function: 'Object.SAXParser.close',
       line: 136,
       method: 'SAXParser.close',
       native: false } ],
  stack: 
   [ 'TypeError: Cannot read property \'length\' of undefined',
     '    at XmlEntities.decode (D:\\server-study\\Nodejs2\\newsing\\node_modules\\html-entities\\lib\\xml-entities.js:61:12)',
     '    at Array.<anonymous> (D:\\server-study\\Nodejs2\\newsing\\node_modules\\feed-read\\index.js:200:31)',
     '    at D:\\server-study\\Nodejs2\\newsing\\node_modules\\feed-read\\node_modules\\underscore\\underscore.js:73:21',
     '    at Function._.each._.forEach (D:\\server-study\\Nodejs2\\newsing\\node_modules\\feed-read\\node_modules\\underscore\\underscore.js:153:9)',
     '    at FeedParser.parser.onend (D:\\server-study\\Nodejs2\\newsing\\node_modules\\feed-read\\index.js:177:7)',
     '    at Object.FeedParser.parser.onend (D:\\server-study\\Nodejs2\\newsing\\node_modules\\feed-read\\index.js:236:41)',
     '    at emit (D:\\server-study\\Nodejs2\\newsing\\node_modules\\feed-read\\node_modules\\sax\\lib\\sax.js:322:33)',
     '    at end (D:\\server-study\\Nodejs2\\newsing\\node_modules\\feed-read\\node_modules\\sax\\lib\\sax.js:358:3)',
     '    at Object.write (D:\\server-study\\Nodejs2\\newsing\\node_modules\\feed-read\\node_modules\\sax\\lib\\sax.js:588:30)',
     '    at Object.SAXParser.close (D:\\server-study\\Nodejs2\\newsing\\node_modules\\feed-read\\node_modules\\sax\\lib\\sax.js:136:38)' ] }
2016-09-13T00:25:39+09:00 - error: uncaughtException: Cannot read property 'length' of undefined 
{ date: 'Tue Sep 13 2016 00:25:39 GMT+0900 (대한민국 표준시)',
  process: 
   { pid: 4636,
     uid: null,
     gid: null,
     cwd: 'D:\\server-study\\Nodejs2\\newsing',
     execPath: 'C:\\Program Files\\nodejs\\node.exe',
     version: 'v4.4.7',
     argv: 
      [ 'C:\\Program Files\\nodejs\\node.exe',
        'D:\\server-study\\Nodejs2\\newsing\\bin\\www',
        'start' ],
     memoryUsage: { rss: 138342400, heapTotal: 102336336, heapUsed: 82486504 } },
  os: { loadavg: [ 0, 0, 0 ], uptime: 6728.6266088 },
  trace: 
   [ { column: 12,
       file: 'D:\\server-study\\Nodejs2\\newsing\\node_modules\\html-entities\\lib\\xml-entities.js',
       function: 'XmlEntities.decode',
       line: 61,
       method: 'decode',
       native: false },
     { column: 31,
       file: 'D:\\server-study\\Nodejs2\\newsing\\node_modules\\feed-read\\index.js',
       function: '',
       line: 200,
       method: null,
       native: false },
     { column: 21,
       file: 'D:\\server-study\\Nodejs2\\newsing\\node_modules\\feed-read\\node_modules\\underscore\\underscore.js',
       function: null,
       line: 73,
       method: null,
       native: false },
     { column: 9,
       file: 'D:\\server-study\\Nodejs2\\newsing\\node_modules\\feed-read\\node_modules\\underscore\\underscore.js',
       function: 'Function._.each._.forEach',
       line: 153,
       method: '_.each._.forEach',
       native: false },
     { column: 7,
       file: 'D:\\server-study\\Nodejs2\\newsing\\node_modules\\feed-read\\index.js',
       function: 'FeedParser.parser.onend',
       line: 177,
       method: 'parser.onend',
       native: false },
     { column: 41,
       file: 'D:\\server-study\\Nodejs2\\newsing\\node_modules\\feed-read\\index.js',
       function: 'Object.FeedParser.parser.onend',
       line: 236,
       method: 'FeedParser.parser.onend',
       native: false },
     { column: 33,
       file: 'D:\\server-study\\Nodejs2\\newsing\\node_modules\\feed-read\\node_modules\\sax\\lib\\sax.js',
       function: 'emit',
       line: 322,
       method: null,
       native: false },
     { column: 3,
       file: 'D:\\server-study\\Nodejs2\\newsing\\node_modules\\feed-read\\node_modules\\sax\\lib\\sax.js',
       function: 'end',
       line: 358,
       method: null,
       native: false },
     { column: 30,
       file: 'D:\\server-study\\Nodejs2\\newsing\\node_modules\\feed-read\\node_modules\\sax\\lib\\sax.js',
       function: 'Object.write',
       line: 588,
       method: 'write',
       native: false },
     { column: 38,
       file: 'D:\\server-study\\Nodejs2\\newsing\\node_modules\\feed-read\\node_modules\\sax\\lib\\sax.js',
       function: 'Object.SAXParser.close',
       line: 136,
       method: 'SAXParser.close',
       native: false } ],
  stack: 
   [ 'TypeError: Cannot read property \'length\' of undefined',
     '    at XmlEntities.decode (D:\\server-study\\Nodejs2\\newsing\\node_modules\\html-entities\\lib\\xml-entities.js:61:12)',
     '    at Array.<anonymous> (D:\\server-study\\Nodejs2\\newsing\\node_modules\\feed-read\\index.js:200:31)',
     '    at D:\\server-study\\Nodejs2\\newsing\\node_modules\\feed-read\\node_modules\\underscore\\underscore.js:73:21',
     '    at Function._.each._.forEach (D:\\server-study\\Nodejs2\\newsing\\node_modules\\feed-read\\node_modules\\underscore\\underscore.js:153:9)',
     '    at FeedParser.parser.onend (D:\\server-study\\Nodejs2\\newsing\\node_modules\\feed-read\\index.js:177:7)',
     '    at Object.FeedParser.parser.onend (D:\\server-study\\Nodejs2\\newsing\\node_modules\\feed-read\\index.js:236:41)',
     '    at emit (D:\\server-study\\Nodejs2\\newsing\\node_modules\\feed-read\\node_modules\\sax\\lib\\sax.js:322:33)',
     '    at end (D:\\server-study\\Nodejs2\\newsing\\node_modules\\feed-read\\node_modules\\sax\\lib\\sax.js:358:3)',
     '    at Object.write (D:\\server-study\\Nodejs2\\newsing\\node_modules\\feed-read\\node_modules\\sax\\lib\\sax.js:588:30)',
     '    at Object.SAXParser.close (D:\\server-study\\Nodejs2\\newsing\\node_modules\\feed-read\\node_modules\\sax\\lib\\sax.js:136:38)' ] }
