2016-09-12T14:41:45+09:00 - error: uncaughtException: Cannot find module 'feed-read' 
{ date: 'Mon Sep 12 2016 14:41:45 GMT+0900 (대한민국 표준시)',
  process: 
   { pid: 3952,
     uid: null,
     gid: null,
     cwd: 'd:\\Dev\\WebstormProjects\\Nodejs\\newsing',
     execPath: 'C:\\Didimdol\\nodejs\\node.exe',
     version: 'v4.4.7',
     argv: 
      [ 'C:\\Didimdol\\nodejs\\node.exe',
        'D:\\Dev\\WebstormProjects\\Nodejs\\newsing\\bin\\www' ],
     memoryUsage: { rss: 53915648, heapTotal: 55923280, heapUsed: 26154816 } },
  os: { loadavg: [ 0, 0, 0 ], uptime: 19054.9207171 },
  trace: 
   [ { column: 15,
       file: 'module.js',
       function: 'Function.Module._resolveFilename',
       line: 325,
       method: 'Module._resolveFilename',
       native: false },
     { column: 25,
       file: 'module.js',
       function: 'Function.Module._load',
       line: 276,
       method: 'Module._load',
       native: false },
     { column: 17,
       file: 'module.js',
       function: 'Module.require',
       line: 353,
       method: 'require',
       native: false },
     { column: 17,
       file: 'internal/module.js',
       function: 'require',
       line: 12,
       method: null,
       native: false },
     { column: 12,
       file: 'D:\\Dev\\WebstormProjects\\Nodejs\\newsing\\common\\rssfeed.js',
       function: '',
       line: 4,
       method: null,
       native: false },
     { column: 26,
       file: 'module.js',
       function: 'Module._compile',
       line: 409,
       method: '_compile',
       native: false },
     { column: 10,
       file: 'module.js',
       function: 'Object.Module._extensions..js',
       line: 416,
       method: 'Module._extensions..js',
       native: false },
     { column: 32,
       file: 'module.js',
       function: 'Module.load',
       line: 343,
       method: 'load',
       native: false },
     { column: 12,
       file: 'module.js',
       function: 'Function.Module._load',
       line: 300,
       method: 'Module._load',
       native: false },
     { column: 17,
       file: 'module.js',
       function: 'Module.require',
       line: 353,
       method: 'require',
       native: false },
     { column: 17,
       file: 'internal/module.js',
       function: 'require',
       line: 12,
       method: null,
       native: false } ],
  stack: 
   [ 'Error: Cannot find module \'feed-read\'',
     '    at Function.Module._resolveFilename (module.js:325:15)',
     '    at Function.Module._load (module.js:276:25)',
     '    at Module.require (module.js:353:17)',
     '    at require (internal/module.js:12:17)',
     '    at Object.<anonymous> (D:\\Dev\\WebstormProjects\\Nodejs\\newsing\\common\\rssfeed.js:4:12)',
     '    at Module._compile (module.js:409:26)',
     '    at Object.Module._extensions..js (module.js:416:10)',
     '    at Module.load (module.js:343:32)',
     '    at Function.Module._load (module.js:300:12)',
     '    at Module.require (module.js:353:17)',
     '    at require (internal/module.js:12:17)' ] }
2016-09-12T14:43:12+09:00 - error: uncaughtException: Cannot find module 'feed-read' 
{ date: 'Mon Sep 12 2016 14:43:12 GMT+0900 (대한민국 표준시)',
  process: 
   { pid: 4548,
     uid: null,
     gid: null,
     cwd: 'D:\\Dev\\WebstormProjects\\Nodejs\\newsing',
     execPath: 'C:\\Didimdol\\nodejs\\node.exe',
     version: 'v4.4.7',
     argv: 
      [ 'C:\\Didimdol\\nodejs\\node.exe',
        'D:\\Dev\\WebstormProjects\\Nodejs\\newsing\\bin\\www' ],
     memoryUsage: { rss: 53911552, heapTotal: 54891344, heapUsed: 28605968 } },
  os: { loadavg: [ 0, 0, 0 ], uptime: 19141.6118033 },
  trace: 
   [ { column: 15,
       file: 'module.js',
       function: 'Function.Module._resolveFilename',
       line: 325,
       method: 'Module._resolveFilename',
       native: false },
     { column: 25,
       file: 'module.js',
       function: 'Function.Module._load',
       line: 276,
       method: 'Module._load',
       native: false },
     { column: 17,
       file: 'module.js',
       function: 'Module.require',
       line: 353,
       method: 'require',
       native: false },
     { column: 17,
       file: 'internal/module.js',
       function: 'require',
       line: 12,
       method: null,
       native: false },
     { column: 12,
       file: 'D:\\Dev\\WebstormProjects\\Nodejs\\newsing\\common\\rssfeed.js',
       function: '',
       line: 4,
       method: null,
       native: false },
     { column: 26,
       file: 'module.js',
       function: 'Module._compile',
       line: 409,
       method: '_compile',
       native: false },
     { column: 10,
       file: 'module.js',
       function: 'Object.Module._extensions..js',
       line: 416,
       method: 'Module._extensions..js',
       native: false },
     { column: 32,
       file: 'module.js',
       function: 'Module.load',
       line: 343,
       method: 'load',
       native: false },
     { column: 12,
       file: 'module.js',
       function: 'Function.Module._load',
       line: 300,
       method: 'Module._load',
       native: false },
     { column: 17,
       file: 'module.js',
       function: 'Module.require',
       line: 353,
       method: 'require',
       native: false },
     { column: 17,
       file: 'internal/module.js',
       function: 'require',
       line: 12,
       method: null,
       native: false } ],
  stack: 
   [ 'Error: Cannot find module \'feed-read\'',
     '    at Function.Module._resolveFilename (module.js:325:15)',
     '    at Function.Module._load (module.js:276:25)',
     '    at Module.require (module.js:353:17)',
     '    at require (internal/module.js:12:17)',
     '    at Object.<anonymous> (D:\\Dev\\WebstormProjects\\Nodejs\\newsing\\common\\rssfeed.js:4:12)',
     '    at Module._compile (module.js:409:26)',
     '    at Object.Module._extensions..js (module.js:416:10)',
     '    at Module.load (module.js:343:32)',
     '    at Function.Module._load (module.js:300:12)',
     '    at Module.require (module.js:353:17)',
     '    at require (internal/module.js:12:17)' ] }
2016-09-12T14:43:56+09:00 - error: uncaughtException: Cannot find module 'feed-read' 
{ date: 'Mon Sep 12 2016 14:43:56 GMT+0900 (대한민국 표준시)',
  process: 
   { pid: 1324,
     uid: null,
     gid: null,
     cwd: 'd:\\Dev\\WebstormProjects\\Nodejs\\newsing',
     execPath: 'C:\\Didimdol\\nodejs\\node.exe',
     version: 'v4.4.7',
     argv: 
      [ 'C:\\Didimdol\\nodejs\\node.exe',
        'D:\\Dev\\WebstormProjects\\Nodejs\\newsing\\bin\\www' ],
     memoryUsage: { rss: 53735424, heapTotal: 54891344, heapUsed: 28583856 } },
  os: { loadavg: [ 0, 0, 0 ], uptime: 19186.384047 },
  trace: 
   [ { column: 15,
       file: 'module.js',
       function: 'Function.Module._resolveFilename',
       line: 325,
       method: 'Module._resolveFilename',
       native: false },
     { column: 25,
       file: 'module.js',
       function: 'Function.Module._load',
       line: 276,
       method: 'Module._load',
       native: false },
     { column: 17,
       file: 'module.js',
       function: 'Module.require',
       line: 353,
       method: 'require',
       native: false },
     { column: 17,
       file: 'internal/module.js',
       function: 'require',
       line: 12,
       method: null,
       native: false },
     { column: 12,
       file: 'D:\\Dev\\WebstormProjects\\Nodejs\\newsing\\common\\rssfeed.js',
       function: '',
       line: 4,
       method: null,
       native: false },
     { column: 26,
       file: 'module.js',
       function: 'Module._compile',
       line: 409,
       method: '_compile',
       native: false },
     { column: 10,
       file: 'module.js',
       function: 'Object.Module._extensions..js',
       line: 416,
       method: 'Module._extensions..js',
       native: false },
     { column: 32,
       file: 'module.js',
       function: 'Module.load',
       line: 343,
       method: 'load',
       native: false },
     { column: 12,
       file: 'module.js',
       function: 'Function.Module._load',
       line: 300,
       method: 'Module._load',
       native: false },
     { column: 17,
       file: 'module.js',
       function: 'Module.require',
       line: 353,
       method: 'require',
       native: false },
     { column: 17,
       file: 'internal/module.js',
       function: 'require',
       line: 12,
       method: null,
       native: false } ],
  stack: 
   [ 'Error: Cannot find module \'feed-read\'',
     '    at Function.Module._resolveFilename (module.js:325:15)',
     '    at Function.Module._load (module.js:276:25)',
     '    at Module.require (module.js:353:17)',
     '    at require (internal/module.js:12:17)',
     '    at Object.<anonymous> (D:\\Dev\\WebstormProjects\\Nodejs\\newsing\\common\\rssfeed.js:4:12)',
     '    at Module._compile (module.js:409:26)',
     '    at Object.Module._extensions..js (module.js:416:10)',
     '    at Module.load (module.js:343:32)',
     '    at Function.Module._load (module.js:300:12)',
     '    at Module.require (module.js:353:17)',
     '    at require (internal/module.js:12:17)' ] }
2016-09-12T14:44:01+09:00 - error: uncaughtException: Cannot find module 'feed-read' 
{ date: 'Mon Sep 12 2016 14:44:01 GMT+0900 (대한민국 표준시)',
  process: 
   { pid: 4968,
     uid: null,
     gid: null,
     cwd: 'D:\\Dev\\WebstormProjects\\Nodejs\\newsing',
     execPath: 'C:\\Didimdol\\nodejs\\node.exe',
     version: 'v4.4.7',
     argv: 
      [ 'C:\\Didimdol\\nodejs\\node.exe',
        'D:\\Dev\\WebstormProjects\\Nodejs\\newsing\\bin\\www' ],
     memoryUsage: { rss: 54304768, heapTotal: 55923280, heapUsed: 28598024 } },
  os: { loadavg: [ 0, 0, 0 ], uptime: 19191.2330563 },
  trace: 
   [ { column: 15,
       file: 'module.js',
       function: 'Function.Module._resolveFilename',
       line: 325,
       method: 'Module._resolveFilename',
       native: false },
     { column: 25,
       file: 'module.js',
       function: 'Function.Module._load',
       line: 276,
       method: 'Module._load',
       native: false },
     { column: 17,
       file: 'module.js',
       function: 'Module.require',
       line: 353,
       method: 'require',
       native: false },
     { column: 17,
       file: 'internal/module.js',
       function: 'require',
       line: 12,
       method: null,
       native: false },
     { column: 12,
       file: 'D:\\Dev\\WebstormProjects\\Nodejs\\newsing\\common\\rssfeed.js',
       function: '',
       line: 4,
       method: null,
       native: false },
     { column: 26,
       file: 'module.js',
       function: 'Module._compile',
       line: 409,
       method: '_compile',
       native: false },
     { column: 10,
       file: 'module.js',
       function: 'Object.Module._extensions..js',
       line: 416,
       method: 'Module._extensions..js',
       native: false },
     { column: 32,
       file: 'module.js',
       function: 'Module.load',
       line: 343,
       method: 'load',
       native: false },
     { column: 12,
       file: 'module.js',
       function: 'Function.Module._load',
       line: 300,
       method: 'Module._load',
       native: false },
     { column: 17,
       file: 'module.js',
       function: 'Module.require',
       line: 353,
       method: 'require',
       native: false },
     { column: 17,
       file: 'internal/module.js',
       function: 'require',
       line: 12,
       method: null,
       native: false } ],
  stack: 
   [ 'Error: Cannot find module \'feed-read\'',
     '    at Function.Module._resolveFilename (module.js:325:15)',
     '    at Function.Module._load (module.js:276:25)',
     '    at Module.require (module.js:353:17)',
     '    at require (internal/module.js:12:17)',
     '    at Object.<anonymous> (D:\\Dev\\WebstormProjects\\Nodejs\\newsing\\common\\rssfeed.js:4:12)',
     '    at Module._compile (module.js:409:26)',
     '    at Object.Module._extensions..js (module.js:416:10)',
     '    at Module.load (module.js:343:32)',
     '    at Function.Module._load (module.js:300:12)',
     '    at Module.require (module.js:353:17)',
     '    at require (internal/module.js:12:17)' ] }
2016-09-12T14:45:31+09:00 - error: uncaughtException: Cannot find module 'feed-read' 
{ date: 'Mon Sep 12 2016 14:45:31 GMT+0900 (대한민국 표준시)',
  process: 
   { pid: 512,
     uid: null,
     gid: null,
     cwd: 'd:\\Dev\\WebstormProjects\\Nodejs\\newsing',
     execPath: 'C:\\Didimdol\\nodejs\\node.exe',
     version: 'v4.4.7',
     argv: 
      [ 'C:\\Didimdol\\nodejs\\node.exe',
        'D:\\Dev\\WebstormProjects\\Nodejs\\newsing\\bin\\www' ],
     memoryUsage: { rss: 54071296, heapTotal: 55923280, heapUsed: 26150680 } },
  os: { loadavg: [ 0, 0, 0 ], uptime: 19281.2549424 },
  trace: 
   [ { column: 15,
       file: 'module.js',
       function: 'Function.Module._resolveFilename',
       line: 325,
       method: 'Module._resolveFilename',
       native: false },
     { column: 25,
       file: 'module.js',
       function: 'Function.Module._load',
       line: 276,
       method: 'Module._load',
       native: false },
     { column: 17,
       file: 'module.js',
       function: 'Module.require',
       line: 353,
       method: 'require',
       native: false },
     { column: 17,
       file: 'internal/module.js',
       function: 'require',
       line: 12,
       method: null,
       native: false },
     { column: 12,
       file: 'D:\\Dev\\WebstormProjects\\Nodejs\\newsing\\common\\rssfeed.js',
       function: '',
       line: 4,
       method: null,
       native: false },
     { column: 26,
       file: 'module.js',
       function: 'Module._compile',
       line: 409,
       method: '_compile',
       native: false },
     { column: 10,
       file: 'module.js',
       function: 'Object.Module._extensions..js',
       line: 416,
       method: 'Module._extensions..js',
       native: false },
     { column: 32,
       file: 'module.js',
       function: 'Module.load',
       line: 343,
       method: 'load',
       native: false },
     { column: 12,
       file: 'module.js',
       function: 'Function.Module._load',
       line: 300,
       method: 'Module._load',
       native: false },
     { column: 17,
       file: 'module.js',
       function: 'Module.require',
       line: 353,
       method: 'require',
       native: false },
     { column: 17,
       file: 'internal/module.js',
       function: 'require',
       line: 12,
       method: null,
       native: false } ],
  stack: 
   [ 'Error: Cannot find module \'feed-read\'',
     '    at Function.Module._resolveFilename (module.js:325:15)',
     '    at Function.Module._load (module.js:276:25)',
     '    at Module.require (module.js:353:17)',
     '    at require (internal/module.js:12:17)',
     '    at Object.<anonymous> (D:\\Dev\\WebstormProjects\\Nodejs\\newsing\\common\\rssfeed.js:4:12)',
     '    at Module._compile (module.js:409:26)',
     '    at Object.Module._extensions..js (module.js:416:10)',
     '    at Module.load (module.js:343:32)',
     '    at Function.Module._load (module.js:300:12)',
     '    at Module.require (module.js:353:17)',
     '    at require (internal/module.js:12:17)' ] }
2016-09-12T14:47:30+09:00 - error: uncaughtException: OAuth2Strategy requires a clientID option 
{ date: 'Mon Sep 12 2016 14:47:30 GMT+0900 (대한민국 표준시)',
  process: 
   { pid: 4436,
     uid: null,
     gid: null,
     cwd: 'D:\\Dev\\WebstormProjects\\Nodejs\\newsing',
     execPath: 'C:\\Didimdol\\nodejs\\node.exe',
     version: 'v4.4.7',
     argv: 
      [ 'C:\\Didimdol\\nodejs\\node.exe',
        'D:\\Dev\\WebstormProjects\\Nodejs\\newsing\\bin\\www' ],
     memoryUsage: { rss: 88752128, heapTotal: 60038992, heapUsed: 36488288 } },
  os: { loadavg: [ 0, 0, 0 ], uptime: 19400.4537453 },
  trace: 
   [ { column: 34,
       file: 'D:\\Dev\\WebstormProjects\\Nodejs\\newsing\\node_modules\\passport-facebook-token\\node_modules\\passport-oauth\\node_modules\\passport-oauth2\\lib\\strategy.js',
       function: 'FacebookTokenStrategy.OAuth2Strategy',
       line: 82,
       method: 'OAuth2Strategy',
       native: false },
     { column: 95,
       file: 'D:\\Dev\\WebstormProjects\\Nodejs\\newsing\\node_modules\\passport-facebook-token\\lib\\index.js',
       function: 'new FacebookTokenStrategy',
       line: 62,
       method: null,
       native: false },
     { column: 14,
       file: 'D:\\Dev\\WebstormProjects\\Nodejs\\newsing\\routes\\auth.js',
       function: '',
       line: 11,
       method: null,
       native: false },
     { column: 26,
       file: 'module.js',
       function: 'Module._compile',
       line: 409,
       method: '_compile',
       native: false },
     { column: 10,
       file: 'module.js',
       function: 'Object.Module._extensions..js',
       line: 416,
       method: 'Module._extensions..js',
       native: false },
     { column: 32,
       file: 'module.js',
       function: 'Module.load',
       line: 343,
       method: 'load',
       native: false },
     { column: 12,
       file: 'module.js',
       function: 'Function.Module._load',
       line: 300,
       method: 'Module._load',
       native: false },
     { column: 17,
       file: 'module.js',
       function: 'Module.require',
       line: 353,
       method: 'require',
       native: false },
     { column: 17,
       file: 'internal/module.js',
       function: 'require',
       line: 12,
       method: null,
       native: false },
     { column: 12,
       file: 'D:\\Dev\\WebstormProjects\\Nodejs\\newsing\\app.js',
       function: '',
       line: 13,
       method: null,
       native: false } ],
  stack: 
   [ 'TypeError: OAuth2Strategy requires a clientID option',
     '    at FacebookTokenStrategy.OAuth2Strategy (D:\\Dev\\WebstormProjects\\Nodejs\\newsing\\node_modules\\passport-facebook-token\\node_modules\\passport-oauth\\node_modules\\passport-oauth2\\lib\\strategy.js:82:34)',
     '    at new FacebookTokenStrategy (D:\\Dev\\WebstormProjects\\Nodejs\\newsing\\node_modules\\passport-facebook-token\\lib\\index.js:62:95)',
     '    at Object.<anonymous> (D:\\Dev\\WebstormProjects\\Nodejs\\newsing\\routes\\auth.js:11:14)',
     '    at Module._compile (module.js:409:26)',
     '    at Object.Module._extensions..js (module.js:416:10)',
     '    at Module.load (module.js:343:32)',
     '    at Function.Module._load (module.js:300:12)',
     '    at Module.require (module.js:353:17)',
     '    at require (internal/module.js:12:17)',
     '    at Object.<anonymous> (D:\\Dev\\WebstormProjects\\Nodejs\\newsing\\app.js:13:12)' ] }
