2016-09-12T16:12:30+09:00 - error: uncaughtException: str.replace is not a function 
{ date: 'Mon Sep 12 2016 16:12:30 GMT+0900 (대한민국 표준시)',
  process: 
   { pid: 1152,
     uid: null,
     gid: null,
     cwd: 'd:\\Dev\\WebstormProjects\\Nodejs\\newsing',
     execPath: 'C:\\Didimdol\\nodejs\\node.exe',
     version: 'v4.4.7',
     argv: 
      [ 'C:\\Didimdol\\nodejs\\node.exe',
        'D:\\Dev\\WebstormProjects\\Nodejs\\newsing\\bin\\www' ],
     memoryUsage: { rss: 112881664, heapTotal: 77569872, heapUsed: 57767312 } },
  os: { loadavg: [ 0, 0, 0 ], uptime: 24500.4522557 },
  trace: 
   [ { column: 16,
       file: 'D:\\Dev\\WebstormProjects\\Nodejs\\newsing\\node_modules\\html-entities\\lib\\xml-entities.js',
       function: 'XmlEntities.decode',
       line: 64,
       method: 'decode',
       native: false },
     { column: 29,
       file: 'D:\\Dev\\WebstormProjects\\Nodejs\\newsing\\common\\rssfeed.js',
       function: null,
       line: 41,
       method: null,
       native: false },
     { column: 5,
       file: 'D:\\Dev\\WebstormProjects\\Nodejs\\newsing\\node_modules\\feed-read\\index.js',
       function: 'FeedParser.parser.onend',
       line: 173,
       method: 'parser.onend',
       native: false },
     { column: 41,
       file: 'D:\\Dev\\WebstormProjects\\Nodejs\\newsing\\node_modules\\feed-read\\index.js',
       function: 'Object.FeedParser.parser.onend',
       line: 222,
       method: 'FeedParser.parser.onend',
       native: false },
     { column: 33,
       file: 'D:\\Dev\\WebstormProjects\\Nodejs\\newsing\\node_modules\\feed-read\\node_modules\\sax\\lib\\sax.js',
       function: 'emit',
       line: 322,
       method: null,
       native: false },
     { column: 3,
       file: 'D:\\Dev\\WebstormProjects\\Nodejs\\newsing\\node_modules\\feed-read\\node_modules\\sax\\lib\\sax.js',
       function: 'end',
       line: 358,
       method: null,
       native: false },
     { column: 30,
       file: 'D:\\Dev\\WebstormProjects\\Nodejs\\newsing\\node_modules\\feed-read\\node_modules\\sax\\lib\\sax.js',
       function: 'Object.write',
       line: 588,
       method: 'write',
       native: false },
     { column: 38,
       file: 'D:\\Dev\\WebstormProjects\\Nodejs\\newsing\\node_modules\\feed-read\\node_modules\\sax\\lib\\sax.js',
       function: 'Object.SAXParser.close',
       line: 136,
       method: 'SAXParser.close',
       native: false },
     { column: 28,
       file: 'D:\\Dev\\WebstormProjects\\Nodejs\\newsing\\node_modules\\feed-read\\index.js',
       function: 'FeedParser.write',
       line: 230,
       method: 'write',
       native: false },
     { column: 10,
       file: 'D:\\Dev\\WebstormProjects\\Nodejs\\newsing\\node_modules\\feed-read\\index.js',
       function: 'Function.FeedRead.rss',
       line: 193,
       method: 'FeedRead.rss',
       native: false } ],
  stack: 
   [ 'TypeError: str.replace is not a function',
     '    at XmlEntities.decode (D:\\Dev\\WebstormProjects\\Nodejs\\newsing\\node_modules\\html-entities\\lib\\xml-entities.js:64:16)',
     '    at D:\\Dev\\WebstormProjects\\Nodejs\\newsing\\common\\rssfeed.js:41:29',
     '    at FeedParser.parser.onend (D:\\Dev\\WebstormProjects\\Nodejs\\newsing\\node_modules\\feed-read\\index.js:173:5)',
     '    at Object.FeedParser.parser.onend (D:\\Dev\\WebstormProjects\\Nodejs\\newsing\\node_modules\\feed-read\\index.js:222:41)',
     '    at emit (D:\\Dev\\WebstormProjects\\Nodejs\\newsing\\node_modules\\feed-read\\node_modules\\sax\\lib\\sax.js:322:33)',
     '    at end (D:\\Dev\\WebstormProjects\\Nodejs\\newsing\\node_modules\\feed-read\\node_modules\\sax\\lib\\sax.js:358:3)',
     '    at Object.write (D:\\Dev\\WebstormProjects\\Nodejs\\newsing\\node_modules\\feed-read\\node_modules\\sax\\lib\\sax.js:588:30)',
     '    at Object.SAXParser.close (D:\\Dev\\WebstormProjects\\Nodejs\\newsing\\node_modules\\feed-read\\node_modules\\sax\\lib\\sax.js:136:38)',
     '    at FeedParser.write (D:\\Dev\\WebstormProjects\\Nodejs\\newsing\\node_modules\\feed-read\\index.js:230:28)',
     '    at Function.FeedRead.rss (D:\\Dev\\WebstormProjects\\Nodejs\\newsing\\node_modules\\feed-read\\index.js:193:10)' ] }
2016-09-12T16:18:21+09:00 - error: uncaughtException: Cannot read property 'length' of undefined 
{ date: 'Mon Sep 12 2016 16:18:21 GMT+0900 (대한민국 표준시)',
  process: 
   { pid: 7136,
     uid: null,
     gid: null,
     cwd: 'd:\\Dev\\WebstormProjects\\Nodejs\\newsing',
     execPath: 'C:\\Didimdol\\nodejs\\node.exe',
     version: 'v4.4.7',
     argv: 
      [ 'C:\\Didimdol\\nodejs\\node.exe',
        'D:\\Dev\\WebstormProjects\\Nodejs\\newsing\\bin\\www' ],
     memoryUsage: { rss: 113184768, heapTotal: 78601808, heapUsed: 57740360 } },
  os: { loadavg: [ 0, 0, 0 ], uptime: 24851.5128965 },
  trace: 
   [ { column: 12,
       file: 'D:\\Dev\\WebstormProjects\\Nodejs\\newsing\\node_modules\\html-entities\\lib\\xml-entities.js',
       function: 'XmlEntities.decode',
       line: 61,
       method: 'decode',
       native: false },
     { column: 29,
       file: 'D:\\Dev\\WebstormProjects\\Nodejs\\newsing\\common\\rssfeed.js',
       function: null,
       line: 41,
       method: null,
       native: false },
     { column: 5,
       file: 'D:\\Dev\\WebstormProjects\\Nodejs\\newsing\\node_modules\\feed-read\\index.js',
       function: 'FeedParser.parser.onend',
       line: 173,
       method: 'parser.onend',
       native: false },
     { column: 41,
       file: 'D:\\Dev\\WebstormProjects\\Nodejs\\newsing\\node_modules\\feed-read\\index.js',
       function: 'Object.FeedParser.parser.onend',
       line: 222,
       method: 'FeedParser.parser.onend',
       native: false },
     { column: 33,
       file: 'D:\\Dev\\WebstormProjects\\Nodejs\\newsing\\node_modules\\feed-read\\node_modules\\sax\\lib\\sax.js',
       function: 'emit',
       line: 322,
       method: null,
       native: false },
     { column: 3,
       file: 'D:\\Dev\\WebstormProjects\\Nodejs\\newsing\\node_modules\\feed-read\\node_modules\\sax\\lib\\sax.js',
       function: 'end',
       line: 358,
       method: null,
       native: false },
     { column: 30,
       file: 'D:\\Dev\\WebstormProjects\\Nodejs\\newsing\\node_modules\\feed-read\\node_modules\\sax\\lib\\sax.js',
       function: 'Object.write',
       line: 588,
       method: 'write',
       native: false },
     { column: 38,
       file: 'D:\\Dev\\WebstormProjects\\Nodejs\\newsing\\node_modules\\feed-read\\node_modules\\sax\\lib\\sax.js',
       function: 'Object.SAXParser.close',
       line: 136,
       method: 'SAXParser.close',
       native: false },
     { column: 28,
       file: 'D:\\Dev\\WebstormProjects\\Nodejs\\newsing\\node_modules\\feed-read\\index.js',
       function: 'FeedParser.write',
       line: 230,
       method: 'write',
       native: false },
     { column: 10,
       file: 'D:\\Dev\\WebstormProjects\\Nodejs\\newsing\\node_modules\\feed-read\\index.js',
       function: 'Function.FeedRead.rss',
       line: 193,
       method: 'FeedRead.rss',
       native: false } ],
  stack: 
   [ 'TypeError: Cannot read property \'length\' of undefined',
     '    at XmlEntities.decode (D:\\Dev\\WebstormProjects\\Nodejs\\newsing\\node_modules\\html-entities\\lib\\xml-entities.js:61:12)',
     '    at D:\\Dev\\WebstormProjects\\Nodejs\\newsing\\common\\rssfeed.js:41:29',
     '    at FeedParser.parser.onend (D:\\Dev\\WebstormProjects\\Nodejs\\newsing\\node_modules\\feed-read\\index.js:173:5)',
     '    at Object.FeedParser.parser.onend (D:\\Dev\\WebstormProjects\\Nodejs\\newsing\\node_modules\\feed-read\\index.js:222:41)',
     '    at emit (D:\\Dev\\WebstormProjects\\Nodejs\\newsing\\node_modules\\feed-read\\node_modules\\sax\\lib\\sax.js:322:33)',
     '    at end (D:\\Dev\\WebstormProjects\\Nodejs\\newsing\\node_modules\\feed-read\\node_modules\\sax\\lib\\sax.js:358:3)',
     '    at Object.write (D:\\Dev\\WebstormProjects\\Nodejs\\newsing\\node_modules\\feed-read\\node_modules\\sax\\lib\\sax.js:588:30)',
     '    at Object.SAXParser.close (D:\\Dev\\WebstormProjects\\Nodejs\\newsing\\node_modules\\feed-read\\node_modules\\sax\\lib\\sax.js:136:38)',
     '    at FeedParser.write (D:\\Dev\\WebstormProjects\\Nodejs\\newsing\\node_modules\\feed-read\\index.js:230:28)',
     '    at Function.FeedRead.rss (D:\\Dev\\WebstormProjects\\Nodejs\\newsing\\node_modules\\feed-read\\index.js:193:10)' ] }
